#
# There is insufficient memory for the Java Runtime Environment to continue.
# Native memory allocation (malloc) failed to allocate 1048576 bytes for AllocateHeap
# Possible reasons:
#   The system is out of physical RAM or swap space
#   The process is running with CompressedOops enabled, and the Java Heap may be blocking the growth of the native heap
# Possible solutions:
#   Reduce memory load on the system
#   Increase physical memory or swap space
#   Check if swap backing store is full
#   Decrease Java heap size (-Xmx/-Xms)
#   Decrease number of Java threads
#   Decrease Java thread stack sizes (-Xss)
#   Set larger code cache with -XX:ReservedCodeCacheSize=
#   JVM is running with Zero Based Compressed Oops mode in which the Java heap is
#     placed in the first 32GB address space. The Java Heap base address is the
#     maximum limit for the native heap growth. Please use -XX:HeapBaseMinAddress
#     to set the Java Heap base and to place the Java Heap above 32GB virtual address.
# This output file may be truncated or incomplete.
#
#  Out of Memory Error (memory/allocation.inline.hpp:61), pid=72748, tid=0x0000000000011ac0
#
# JRE version:  (8.0_271-b09) (build )
# Java VM: Java HotSpot(TM) 64-Bit Server VM (25.271-b09 mixed mode windows-amd64 compressed oops)
# Failed to write core dump. Minidumps are not enabled by default on client versions of Windows
#

---------------  T H R E A D  ---------------

Current thread (0x0000028102b3f800):  JavaThread "Unknown thread" [_thread_in_vm, id=72384, stack(0x000000a777d00000,0x000000a777e00000)]

Stack: [0x000000a777d00000,0x000000a777e00000]
Native frames: (J=compiled Java code, j=interpreted, Vv=VM code, C=native code)
V  [jvm.dll+0x33f6c9]
V  [jvm.dll+0x286122]
V  [jvm.dll+0x286dcd]
V  [jvm.dll+0x27d805]
V  [jvm.dll+0x1565d]
V  [jvm.dll+0x3d98d8]
V  [jvm.dll+0x3da5ca]
V  [jvm.dll+0x3d6637]
V  [jvm.dll+0x10cfff]
V  [jvm.dll+0x21ab2b]
V  [jvm.dll+0x2494e7]
V  [jvm.dll+0x172a76]
C  [java.exe+0x2312]
C  [java.exe+0x15f54]
C  [KERNEL32.DLL+0x17c24]
C  [ntdll.dll+0x6d721]


---------------  P R O C E S S  ---------------

Java Threads: ( => current thread )

Other Threads:

=>0x0000028102b3f800 (exited) JavaThread "Unknown thread" [_thread_in_vm, id=72384, stack(0x000000a777d00000,0x000000a777e00000)]

VM state:not at safepoint (normal execution)

VM Mutex/Monitor currently owned by a thread: None

heap address: 0x00000006c0e00000, size: 4082 MB, Compressed Oops mode: Zero based, Oop shift amount: 3
Narrow klass base: 0x0000000000000000, Narrow klass shift: 3
Compressed class space size: 1073741824 Address: 0x00000007c0000000

Heap:
 PSYoungGen      total 76288K, used 1310K [0x000000076af80000, 0x0000000770480000, 0x00000007c0000000)
  eden space 65536K, 2% used [0x000000076af80000,0x000000076b0c7af0,0x000000076ef80000)
  from space 10752K, 0% used [0x000000076fa00000,0x000000076fa00000,0x0000000770480000)
  to   space 10752K, 0% used [0x000000076ef80000,0x000000076ef80000,0x000000076fa00000)
 ParOldGen       total 175104K, used 0K [0x00000006c0e00000, 0x00000006cb900000, 0x000000076af80000)
  object space 175104K, 0% used [0x00000006c0e00000,0x00000006c0e00000,0x00000006cb900000)
 Metaspace       used 787K, capacity 4480K, committed 4480K, reserved 1056768K
  class space    used 76K, capacity 384K, committed 384K, reserved 1048576K

Card table byte_map: [0x0000028113880000,0x0000028114080000] byte_map_base: 0x0000028110279000

Marking Bits: (ParMarkBitMap*) 0x000000005b327fe0
 Begin Bits: [0x00000281145e0000, 0x00000281185a8000)
 End Bits:   [0x00000281185a8000, 0x000002811c570000)

Polling page: 0x0000028104490000

CodeCache: size=245760Kb used=328Kb max_used=328Kb free=245431Kb
 bounds [0x00000281044c0000, 0x0000028104730000, 0x00000281134c0000]
 total_blobs=58 nmethods=0 adapters=38
 compilation: enabled

Compilation events (0 events):
No events

GC Heap History (0 events):
No events

Deoptimization events (0 events):
No events

Classes redefined (0 events):
No events

Internal exceptions (0 events):
No events

Events (10 events):
Event: 0.021 loading class java/lang/Short
Event: 0.021 loading class java/lang/Short done
Event: 0.021 loading class java/lang/Integer
Event: 0.021 loading class java/lang/Integer done
Event: 0.021 loading class java/lang/Long
Event: 0.021 loading class java/lang/Long done
Event: 0.022 loading class java/lang/NullPointerException
Event: 0.022 loading class java/lang/NullPointerException done
Event: 0.022 loading class java/lang/ArithmeticException
Event: 0.022 loading class java/lang/ArithmeticException done


Dynamic libraries:
0x00007ff7c8560000 - 0x00007ff7c85a7000 	D:\Java\jdk.18\bin\java.exe
0x00007ffa7c260000 - 0x00007ffa7c450000 	C:\WINDOWS\SYSTEM32\ntdll.dll
0x00007ffa7a640000 - 0x00007ffa7a6f2000 	C:\WINDOWS\System32\KERNEL32.DLL
0x00007ffa79a80000 - 0x00007ffa79d25000 	C:\WINDOWS\System32\KERNELBASE.dll
0x00007ffa7a410000 - 0x00007ffa7a4b3000 	C:\WINDOWS\System32\ADVAPI32.dll
0x00007ffa7bb10000 - 0x00007ffa7bbae000 	C:\WINDOWS\System32\msvcrt.dll
0x00007ffa7bbb0000 - 0x00007ffa7bc47000 	C:\WINDOWS\System32\sechost.dll
0x00007ffa7c0a0000 - 0x00007ffa7c1bf000 	C:\WINDOWS\System32\RPCRT4.dll
0x00007ffa7a760000 - 0x00007ffa7a8f4000 	C:\WINDOWS\System32\USER32.dll
0x00007ffa79a50000 - 0x00007ffa79a71000 	C:\WINDOWS\System32\win32u.dll
0x00007ffa7ba70000 - 0x00007ffa7ba96000 	C:\WINDOWS\System32\GDI32.dll
0x00007ffa7a170000 - 0x00007ffa7a308000 	C:\WINDOWS\System32\gdi32full.dll
0x00007ffa79e20000 - 0x00007ffa79ebe000 	C:\WINDOWS\System32\msvcp_win.dll
0x00007ffa79ec0000 - 0x00007ffa79fba000 	C:\WINDOWS\System32\ucrtbase.dll
0x00007ffa66080000 - 0x00007ffa66304000 	C:\WINDOWS\WinSxS\amd64_microsoft.windows.common-controls_6595b64144ccf1df_6.0.18362.1440_none_9e7dbfb9e45e8e67\COMCTL32.dll
0x00007ffa7a900000 - 0x00007ffa7ac36000 	C:\WINDOWS\System32\combase.dll
0x00007ffa79d90000 - 0x00007ffa79e11000 	C:\WINDOWS\System32\bcryptPrimitives.dll
0x00007ffa7b350000 - 0x00007ffa7b37e000 	C:\WINDOWS\System32\IMM32.DLL
0x00007ffa74590000 - 0x00007ffa745a5000 	D:\Java\jdk.18\jre\bin\vcruntime140.dll
0x00007ffa5f7b0000 - 0x00007ffa5f84b000 	D:\Java\jdk.18\jre\bin\msvcp140.dll
0x000000005ab30000 - 0x000000005b39f000 	D:\Java\jdk.18\jre\bin\server\jvm.dll
0x00007ffa7bc50000 - 0x00007ffa7bc58000 	C:\WINDOWS\System32\PSAPI.DLL
0x00007ffa75b80000 - 0x00007ffa75b89000 	C:\WINDOWS\SYSTEM32\WSOCK32.dll
0x00007ffa75da0000 - 0x00007ffa75dc4000 	C:\WINDOWS\SYSTEM32\WINMM.dll
0x00007ffa734b0000 - 0x00007ffa734ba000 	C:\WINDOWS\SYSTEM32\VERSION.dll
0x00007ffa7baa0000 - 0x00007ffa7bb0f000 	C:\WINDOWS\System32\WS2_32.dll
0x00007ffa75d70000 - 0x00007ffa75d9d000 	C:\WINDOWS\SYSTEM32\winmmbase.dll
0x00007ffa79a00000 - 0x00007ffa79a4a000 	C:\WINDOWS\System32\cfgmgr32.dll
0x00007ffa79120000 - 0x00007ffa79131000 	C:\WINDOWS\System32\kernel.appcore.dll
0x00007ffa75be0000 - 0x00007ffa75bf0000 	D:\Java\jdk.18\jre\bin\verify.dll
0x00007ffa67a80000 - 0x00007ffa67aab000 	D:\Java\jdk.18\jre\bin\java.dll
0x00007ffa60e60000 - 0x00007ffa60e96000 	D:\Java\jdk.18\jre\bin\jdwp.dll
0x00007ffa67a70000 - 0x00007ffa67a79000 	D:\Java\jdk.18\jre\bin\npt.dll
0x00007ffa62260000 - 0x00007ffa62290000 	D:\Java\jdk.18\jre\bin\instrument.dll
0x00007ffa74570000 - 0x00007ffa74588000 	D:\Java\jdk.18\jre\bin\zip.dll
0x00007ffa66540000 - 0x00007ffa66734000 	C:\WINDOWS\SYSTEM32\dbghelp.dll

VM Arguments:
jvm_args: -agentlib:jdwp=transport=dt_socket,address=127.0.0.1:59746,suspend=y,server=n -javaagent:C:\Users\Yang\AppData\Local\JetBrains\IntelliJIdea2020.2\captureAgent\debugger-agent.jar -Dfile.encoding=UTF-8 
java_command: leetcode.wangyi.gift
java_class_path (initial): D:\java\jdk.18\jre\lib\charsets.jar;D:\java\jdk.18\jre\lib\deploy.jar;D:\java\jdk.18\jre\lib\ext\access-bridge-64.jar;D:\java\jdk.18\jre\lib\ext\cldrdata.jar;D:\java\jdk.18\jre\lib\ext\dnsns.jar;D:\java\jdk.18\jre\lib\ext\jaccess.jar;D:\java\jdk.18\jre\lib\ext\jfxrt.jar;D:\java\jdk.18\jre\lib\ext\localedata.jar;D:\java\jdk.18\jre\lib\ext\nashorn.jar;D:\java\jdk.18\jre\lib\ext\sunec.jar;D:\java\jdk.18\jre\lib\ext\sunjce_provider.jar;D:\java\jdk.18\jre\lib\ext\sunmscapi.jar;D:\java\jdk.18\jre\lib\ext\sunpkcs11.jar;D:\java\jdk.18\jre\lib\ext\zipfs.jar;D:\java\jdk.18\jre\lib\javaws.jar;D:\java\jdk.18\jre\lib\jce.jar;D:\java\jdk.18\jre\lib\jfr.jar;D:\java\jdk.18\jre\lib\jfxswt.jar;D:\java\jdk.18\jre\lib\jsse.jar;D:\java\jdk.18\jre\lib\management-agent.jar;D:\java\jdk.18\jre\lib\plugin.jar;D:\java\jdk.18\jre\lib\resources.jar;D:\java\jdk.18\jre\lib\rt.jar;D:\IDE\Intellij\IntelliJ IDEA 2020.2.3\leetCode\out\production\leetCode;D:\IDE\Intellij\IntelliJ IDEA 2020.2.3\lib\idea_rt.jar;C:\Users\Yang\AppData\Local\JetBrains\IntelliJIdea2020.2\captureAgent\debugger-agent.jar
Launcher Type: SUN_STANDARD

Environment Variables:
JAVA_HOME=D:\java\jdk.18
CLASSPATH=.;D:\java\jdk.18\lib\dt.jar;D:\java\jdk.18\lib\tools.jar;
PATH=C:\Program Files (x86)\Common Files\Oracle\Java\javapath;C:\Program Files\NVIDIA GPU Computing Toolkit\CUDA\v10.2\bin;C:\Program Files\NVIDIA GPU Computing Toolkit\CUDA\v10.2\libnvvp;C:\Windows\system32;C:\Windows;C:\Windows\System32\Wbem;C:\Windows\System32\WindowsPowerShell\v1.0\;C:\Windows\System32\OpenSSH\;C:\Program Files\NVIDIA Corporation\NVIDIA NGX;C:\Program Files (x86)\NVIDIA Corporation\PhysX\Common;C:\Program Files\NVIDIA Corporation\NVIDIA NvDLISR;C:\Program Files\NVIDIA Corporation\Nsight Compute 2019.5.0\;C:\Program Files\NVIDIA Corporation\NVSMI;D:\java\jdk.18\bin;D:\java\jdk.18\jre\bin;D:\Git\Git\cmd;D:\matlab\runtime\win64;D:\matlab\bin;D:\VisualStudio\VC\Tools\MSVC\14.28.29333\bin\Hostx64\x64;D:\VisualStudio\Common7\IDE;D:\VisualStudio\VC\Tools\MSVC\14.28.29333\bin\Hostx86\x86;;C:\WINDOWS\system32;C:\WINDOWS;C:\WINDOWS\System32\Wbem;C:\WINDOWS\System32\WindowsPowerShell\v1.0\;C:\WINDOWS\System32\OpenSSH\;C:\Program Files\MySQL\MySQL Shell 8.0\bin\;D:\Anaconda3;D:\Anaconda3\Library\mingw-w64\bin;D:\Anaconda3\Library\usr\bin;D:\Anaconda3\Library\bin;D:\Anaconda3\Scripts;C:\Users\Yang\AppData\Local\Microsoft\WindowsApps;D:\IDE\pycharm\PyCharm 2020.2.3\bin;D:\IDE\Intellij\IntelliJ IDEA 2020.2.3\bin;D:\IDE\goland\GoLand 2020.2.3\bin;C:\Program Files\Bandizip\;E:\fiddler
USERNAME=Yang
OS=Windows_NT
PROCESSOR_IDENTIFIER=Intel64 Family 6 Model 165 Stepping 3, GenuineIntel



---------------  S Y S T E M  ---------------

OS: Windows 10.0 , 64 bit Build 18362 (10.0.18362.1350)

CPU:total 12 (initial active 12) (6 cores per cpu, 2 threads per core) family 6 model 165 stepping 3, cmov, cx8, fxsr, mmx, sse, sse2, sse3, ssse3, sse4.1, sse4.2, popcnt, avx, avx2, aes, clmul, erms, 3dnowpref, lzcnt, ht, tsc, tscinvbit, bmi1, bmi2, adx

Memory: 4k page, physical 16713744k(3114904k free), swap 35685540k(4820k free)

vm_info: Java HotSpot(TM) 64-Bit Server VM (25.271-b09) for windows-amd64 JRE (1.8.0_271-b09), built on Sep 16 2020 19:14:59 by "" with MS VC++ 15.9 (VS2017)

time: Sun Apr 18 15:33:52 2021
timezone: ?D1¨²¡À¨º¡Á?¨º¡À??
elapsed time: 0.031297 seconds (0d 0h 0m 0s)

